Build started 2016-02-09 11:40:34.
     1>Project "C:\Users\tobbe\Documents\GitHub\Ze3DProject\Ze3DProject\Ze3DProject\Ze3DProject.vcxproj" on node 2 (Build target(s)).
     1>ClCompile:
         C:\Program Files (x86)\Microsoft Visual Studio 14.0\VC\bin\x86_amd64\CL.exe /c /ZI /nologo /W3 /WX- /sdl /Od /D _DEBUG /D _WINDOWS /D _UNICODE /D UNICODE /Gm /EHsc /RTC1 /MDd /GS /fp:precise /Zc:wchar_t /Zc:forScope /Zc:inline /Fo"x64\Debug\\" /Fd"x64\Debug\vc140.pdb" /Gd /TP /errorReport:prompt D3DHandler.cpp GraphicsHandler.cpp SystemHandler.cpp main.cpp
         main.cpp
         SystemHandler.cpp
     1>c:\users\tobbe\documents\github\ze3dproject\ze3dproject\ze3dproject\systemhandler.cpp(216): warning C4102: 'defualt': unreferenced label
     1>c:\users\tobbe\documents\github\ze3dproject\ze3dproject\ze3dproject\systemhandler.cpp(242): warning C4102: 'defualt': unreferenced label
         GraphicsHandler.cpp
     1>c:\users\tobbe\documents\github\ze3dproject\ze3dproject\ze3dproject\graphicshandler.cpp(45): error C2039: 'BeginScence': is not a member of 'D3DHandler'
         c:\users\tobbe\documents\github\ze3dproject\ze3dproject\ze3dproject\d3dhandler.h(14): note: see declaration of 'D3DHandler'
         D3DHandler.cpp
     1>c:\users\tobbe\documents\github\ze3dproject\ze3dproject\ze3dproject\d3dhandler.cpp(81): warning C4018: '<': signed/unsigned mismatch
     1>c:\users\tobbe\documents\github\ze3dproject\ze3dproject\ze3dproject\d3dhandler.cpp(25): warning C4101: 'i': unreferenced local variable
         Generating Code...
     1>c:\users\tobbe\documents\github\ze3dproject\ze3dproject\ze3dproject\systemhandler.cpp(221): warning C4715: 'SystemHandler::MessageHandler': not all control paths return a value
     1>c:\users\tobbe\documents\github\ze3dproject\ze3dproject\ze3dproject\systemhandler.cpp(248): warning C4715: 'WndProc': not all control paths return a value
     1>Done Building Project "C:\Users\tobbe\Documents\GitHub\Ze3DProject\Ze3DProject\Ze3DProject\Ze3DProject.vcxproj" (Build target(s)) -- FAILED.

Build FAILED.

Time Elapsed 00:00:04.31
